#
# There is insufficient memory for the Java Runtime Environment to continue.
# Native memory allocation (malloc) failed to allocate 2097152 bytes. Error detail: AllocateHeap
# Possible reasons:
#   The system is out of physical RAM or swap space
#   This process is running with CompressedOops enabled, and the Java Heap may be blocking the growth of the native heap
# Possible solutions:
#   Reduce memory load on the system
#   Increase physical memory or swap space
#   Check if swap backing store is full
#   Decrease Java heap size (-Xmx/-Xms)
#   Decrease number of Java threads
#   Decrease Java thread stack sizes (-Xss)
#   Set larger code cache with -XX:ReservedCodeCacheSize=
#   JVM is running with Unscaled Compressed Oops mode in which the Java heap is
#     placed in the first 4GB address space. The Java Heap base address is the
#     maximum limit for the native heap growth. Please use -XX:HeapBaseMinAddress
#     to set the Java Heap base and to place the Java Heap above 4GB virtual address.
# This output file may be truncated or incomplete.
#
#  Out of Memory Error (allocation.cpp:44), pid=9232, tid=24392
#
# JRE version: Java(TM) SE Runtime Environment (23.0.2+7) (build 23.0.2+7-58)
# Java VM: Java HotSpot(TM) 64-Bit Server VM (23.0.2+7-58, mixed mode, emulated-client, sharing, tiered, compressed oops, compressed class ptrs, g1 gc, windows-amd64)
# No core dump will be written. Minidumps are not enabled by default on client versions of Windows
#

---------------  S U M M A R Y ------------

Command Line: -XX:TieredStopAtLevel=1 -Dspring.output.ansi.enabled=always -Dcom.sun.management.jmxremote -Dspring.jmx.enabled=true -Dspring.liveBeansView.mbeanDomain -Dspring.application.admin.enabled=true -Dmanagement.endpoints.jmx.exposure.include=* -javaagent:C:\Program Files\JetBrains\IntelliJ IDEA 2025.1.1.1\lib\idea_rt.jar=58827 -Dfile.encoding=UTF-8 -Dsun.stdout.encoding=UTF-8 -Dsun.stderr.encoding=UTF-8 org.eyespire.eyespireapi.EyespireApiApplication

Host: 11th Gen Intel(R) Core(TM) i5-11400H @ 2.70GHz, 12 cores, 7G,  Windows 11 , 64 bit Build 26100 (10.0.26100.4202)
Time: Mon Jun 30 00:26:10 2025 SE Asia Standard Time elapsed time: 130.144477 seconds (0d 0h 2m 10s)

---------------  T H R E A D  ---------------

Current thread (0x00000215ff0e0a00):  VMThread "VM Thread"          [id=24392, stack(0x0000007331f00000,0x0000007332000000) (1024K)]

Stack: [0x0000007331f00000,0x0000007332000000]
Native frames: (J=compiled Java code, j=interpreted, Vv=VM code, C=native code)
V  [jvm.dll+0x6e0b99]  (no source info available)
V  [jvm.dll+0x87e2b3]  (no source info available)
V  [jvm.dll+0x88073e]  (no source info available)
V  [jvm.dll+0x880e13]  (no source info available)
V  [jvm.dll+0x27b006]  (no source info available)
V  [jvm.dll+0xb6a17]  (no source info available)
V  [jvm.dll+0x345642]  (no source info available)
V  [jvm.dll+0x340339]  (no source info available)
V  [jvm.dll+0x328602]  (no source info available)
V  [jvm.dll+0x372cf4]  (no source info available)
V  [jvm.dll+0x886d50]  (no source info available)
V  [jvm.dll+0x888077]  (no source info available)
V  [jvm.dll+0x8885a8]  (no source info available)
V  [jvm.dll+0x888843]  (no source info available)
V  [jvm.dll+0x8254cb]  (no source info available)
V  [jvm.dll+0x6df345]  (no source info available)
C  [ucrtbase.dll+0x37b0]  (no source info available)
C  [KERNEL32.DLL+0x2e8d7]  (no source info available)
C  [ntdll.dll+0x3c34c]  (no source info available)

VM_Operation (0x00000073315ff020): G1CollectFull, mode: safepoint, requested by thread 0x00000215d0475960


---------------  P R O C E S S  ---------------

Threads class SMR info:
_java_thread_list=0x00000215cf91ae20, length=17, elements={
0x00000215ff0f8890, 0x00000215ff0fa500, 0x00000215ff0fd430, 0x00000215ff0fe240,
0x00000215cc002090, 0x00000215cc004b00, 0x00000215cc00d570, 0x00000215cc10f4a0,
0x00000215cc5063f0, 0x00000215cc506a60, 0x00000215cc889370, 0x00000215cd144530,
0x00000215cd15a9c0, 0x00000215cd343fb0, 0x00000215cf0ba590, 0x00000215d0472b70,
0x00000215d0475960
}

Java Threads: ( => current thread )
  0x00000215ff0f8890 JavaThread "Reference Handler"          daemon [_thread_blocked, id=12372, stack(0x0000007332000000,0x0000007332100000) (1024K)]
  0x00000215ff0fa500 JavaThread "Finalizer"                  daemon [_thread_blocked, id=24740, stack(0x0000007332100000,0x0000007332200000) (1024K)]
  0x00000215ff0fd430 JavaThread "Signal Dispatcher"          daemon [_thread_blocked, id=12572, stack(0x0000007332200000,0x0000007332300000) (1024K)]
  0x00000215ff0fe240 JavaThread "Attach Listener"            daemon [_thread_blocked, id=24640, stack(0x0000007332300000,0x0000007332400000) (1024K)]
  0x00000215cc002090 JavaThread "Service Thread"             daemon [_thread_blocked, id=15196, stack(0x0000007332400000,0x0000007332500000) (1024K)]
  0x00000215cc004b00 JavaThread "Monitor Deflation Thread"   daemon [_thread_blocked, id=12324, stack(0x0000007332500000,0x0000007332600000) (1024K)]
  0x00000215cc00d570 JavaThread "C1 CompilerThread0"         daemon [_thread_blocked, id=5052, stack(0x0000007332600000,0x0000007332700000) (1024K)]
  0x00000215cc10f4a0 JavaThread "Common-Cleaner"             daemon [_thread_blocked, id=15484, stack(0x0000007332700000,0x0000007332800000) (1024K)]
  0x00000215cc5063f0 JavaThread "Monitor Ctrl-Break"         daemon [_thread_in_native, id=14328, stack(0x0000007332a00000,0x0000007332b00000) (1024K)]
  0x00000215cc506a60 JavaThread "Notification Thread"        daemon [_thread_blocked, id=6604, stack(0x0000007332b00000,0x0000007332c00000) (1024K)]
  0x00000215cc889370 JavaThread "RMI TCP Accept-0"           daemon [_thread_in_native, id=3976, stack(0x0000007332d00000,0x0000007332e00000) (1024K)]
  0x00000215cd144530 JavaThread "RMI Scheduler(0)"           daemon [_thread_blocked, id=9604, stack(0x0000007333800000,0x0000007333900000) (1024K)]
  0x00000215cd15a9c0 JavaThread "JMX server connection timeout 36" daemon [_thread_blocked, id=2056, stack(0x0000007333900000,0x0000007333a00000) (1024K)]
  0x00000215cd343fb0 JavaThread "RMI TCP Connection(2)-192.168.5.106" daemon [_thread_blocked, id=8180, stack(0x0000007333c00000,0x0000007333d00000) (1024K)]
  0x00000215cf0ba590 JavaThread "Live Reload Server"         daemon [_thread_in_native, id=13196, stack(0x0000007334800000,0x0000007334900000) (1024K)]
  0x00000215d0472b70 JavaThread "DestroyJavaVM"                     [_thread_blocked, id=23916, stack(0x0000007331800000,0x0000007331900000) (1024K)]
  0x00000215d0475960 JavaThread "Thread-5"                          [_thread_blocked, id=16068, stack(0x0000007331500000,0x0000007331600000) (1024K)]
Total: 17

Other Threads:
=>0x00000215ff0e0a00 VMThread "VM Thread"                           [id=24392, stack(0x0000007331f00000,0x0000007332000000) (1024K)]
  0x00000215ff0cb160 WatcherThread "VM Periodic Task Thread"        [id=8992, stack(0x0000007331e00000,0x0000007331f00000) (1024K)]
  0x00000215f508e5d0 WorkerThread "GC Thread#0"                     [id=3172, stack(0x0000007331900000,0x0000007331a00000) (1024K)]
  0x00000215ccb81e80 WorkerThread "GC Thread#1"                     [id=14264, stack(0x0000007332e00000,0x0000007332f00000) (1024K)]
  0x00000215ccb82230 WorkerThread "GC Thread#2"                     [id=20924, stack(0x0000007332f00000,0x0000007333000000) (1024K)]
  0x00000215ccbcc970 WorkerThread "GC Thread#3"                     [id=21156, stack(0x0000007333000000,0x0000007333100000) (1024K)]
  0x00000215ccbccd20 WorkerThread "GC Thread#4"                     [id=16360, stack(0x0000007333100000,0x0000007333200000) (1024K)]
  0x00000215ccbd10e0 WorkerThread "GC Thread#5"                     [id=15272, stack(0x0000007333200000,0x0000007333300000) (1024K)]
  0x00000215ccbd1490 WorkerThread "GC Thread#6"                     [id=23048, stack(0x0000007333300000,0x0000007333400000) (1024K)]
  0x00000215ccbd1840 WorkerThread "GC Thread#7"                     [id=13296, stack(0x0000007333400000,0x0000007333500000) (1024K)]
  0x00000215cd234510 WorkerThread "GC Thread#8"                     [id=2968, stack(0x0000007333a00000,0x0000007333b00000) (1024K)]
  0x00000215cd234160 WorkerThread "GC Thread#9"                     [id=15160, stack(0x0000007333b00000,0x0000007333c00000) (1024K)]
  0x00000215f50df010 ConcurrentGCThread "G1 Main Marker"            [id=16712, stack(0x0000007331a00000,0x0000007331b00000) (1024K)]
  0x00000215f50e01d0 WorkerThread "G1 Conc#0"                       [id=6536, stack(0x0000007331b00000,0x0000007331c00000) (1024K)]
  0x00000215cd7d8350 WorkerThread "G1 Conc#1"                       [id=23076, stack(0x0000007333f00000,0x0000007334000000) (1024K)]
  0x00000215cd7d7fa0 WorkerThread "G1 Conc#2"                       [id=8468, stack(0x0000007334000000,0x0000007334100000) (1024K)]
  0x00000215fef9b700 ConcurrentGCThread "G1 Refine#0"               [id=12880, stack(0x0000007331c00000,0x0000007331d00000) (1024K)]
  0x00000215fef9c190 ConcurrentGCThread "G1 Service"                [id=11148, stack(0x0000007331d00000,0x0000007331e00000) (1024K)]
Total: 18

Threads with active compile tasks:
Total: 0

VM state: at safepoint (normal execution)

VM Mutex/Monitor currently owned by a thread:  ([mutex/lock_event])
[0x00007ffca4d64888] Threads_lock - owner thread: 0x00000215ff0e0a00
[0x00007ffca4d64988] Heap_lock - owner thread: 0x00000215d0475960

OutOfMemory and StackOverflow Exception counts:
StackOverflowErrors=3
LinkageErrors=172

Heap address: 0x0000000083a00000, size: 1990 MB, Compressed Oops mode: 32-bit

CDS archive(s) mapped at: [0x0000021587000000-0x0000021587d70000-0x0000021587d70000), size 14090240, SharedBaseAddress: 0x0000021587000000, ArchiveRelocationMode: 1.
Compressed class space mapped at: 0x0000021588000000-0x00000215c8000000, reserved size: 1073741824
Narrow klass base: 0x0000021587000000, Narrow klass shift: 0, Narrow klass range: 0x41000000

GC Precious Log:
 CardTable entry size: 512
 Card Set container configuration: InlinePtr #cards 5 size 8 Array Of Cards #cards 10 size 36 Howl #buckets 4 coarsen threshold 1843 Howl Bitmap #cards 512 size 80 coarsen threshold 460 Card regions per heap region 1 cards per card region 2048
 CPUs: 12 total, 12 available
 Memory: 7955M
 Large Page Support: Disabled
 NUMA Support: Disabled
 Compressed Oops: Enabled (32-bit)
 Heap Region Size: 1M
 Heap Min Capacity: 8M
 Heap Initial Capacity: 126M
 Heap Max Capacity: 1990M
 Pre-touch: Disabled
 Parallel Workers: 10
 Concurrent Workers: 3
 Concurrent Refinement Workers: 10
 Periodic GC: Disabled

Heap:
 garbage-first heap   total reserved 2037760K, committed 78848K, used 65030K [0x0000000083a00000, 0x0000000100000000)
  region size 1024K, 20 young (20480K), 1 survivors (1024K)
 Metaspace       used 85044K, committed 86272K, reserved 1179648K
  class space    used 12659K, committed 13120K, reserved 1048576K

Heap Regions: E=young(eden), S=young(survivor), O=old, HS=humongous(starts), HC=humongous(continues), CS=collection set, F=free, TAMS=top-at-mark-start, PB=parsable bottom
|   0|0x0000000083a00000, 0x0000000083b00000, 0x0000000083b00000|100%|HS|  |TAMS 0x0000000083a00000| PB 0x0000000083a00000| Complete |  0
|   1|0x0000000083b00000, 0x0000000083c00000, 0x0000000083c00000|100%|HS|  |TAMS 0x0000000083b00000| PB 0x0000000083b00000| Complete |  0
|   2|0x0000000083c00000, 0x0000000083d00000, 0x0000000083d00000|100%| O|  |TAMS 0x0000000083c00000| PB 0x0000000083c00000| Untracked |  0
|   3|0x0000000083d00000, 0x0000000083e00000, 0x0000000083e00000|100%| O|  |TAMS 0x0000000083d00000| PB 0x0000000083d00000| Untracked |  0
|   4|0x0000000083e00000, 0x0000000083f00000, 0x0000000083f00000|100%| O|  |TAMS 0x0000000083e00000| PB 0x0000000083e00000| Untracked |  0
|   5|0x0000000083f00000, 0x0000000084000000, 0x0000000084000000|100%| O|  |TAMS 0x0000000083f00000| PB 0x0000000083f00000| Untracked |  0
|   6|0x0000000084000000, 0x0000000084100000, 0x0000000084100000|100%| O|  |TAMS 0x0000000084000000| PB 0x0000000084000000| Untracked |  0
|   7|0x0000000084100000, 0x0000000084200000, 0x0000000084200000|100%| O|  |TAMS 0x0000000084100000| PB 0x0000000084100000| Untracked |  0
|   8|0x0000000084200000, 0x0000000084300000, 0x0000000084300000|100%| O|  |TAMS 0x0000000084200000| PB 0x0000000084200000| Untracked |  0
|   9|0x0000000084300000, 0x0000000084400000, 0x0000000084400000|100%| O|  |TAMS 0x0000000084300000| PB 0x0000000084300000| Untracked |  0
|  10|0x0000000084400000, 0x0000000084500000, 0x0000000084500000|100%| O|Cm|TAMS 0x0000000084400000| PB 0x0000000084400000| Complete |  0
|  11|0x0000000084500000, 0x0000000084600000, 0x0000000084600000|100%| O|  |TAMS 0x0000000084500000| PB 0x0000000084500000| Untracked |  0
|  12|0x0000000084600000, 0x0000000084600000, 0x0000000084700000|  0%| F|  |TAMS 0x0000000084600000| PB 0x0000000084600000| Untracked |  0
|  13|0x0000000084700000, 0x0000000084800000, 0x0000000084800000|100%| O|  |TAMS 0x0000000084700000| PB 0x0000000084700000| Untracked |  0
|  14|0x0000000084800000, 0x0000000084900000, 0x0000000084900000|100%| O|  |TAMS 0x0000000084800000| PB 0x0000000084800000| Untracked |  0
|  15|0x0000000084900000, 0x0000000084a00000, 0x0000000084a00000|100%| O|  |TAMS 0x0000000084900000| PB 0x0000000084900000| Untracked |  0
|  16|0x0000000084a00000, 0x0000000084b00000, 0x0000000084b00000|100%| O|  |TAMS 0x0000000084a00000| PB 0x0000000084a00000| Untracked |  0
|  17|0x0000000084b00000, 0x0000000084c00000, 0x0000000084c00000|100%| O|  |TAMS 0x0000000084b00000| PB 0x0000000084b00000| Untracked |  0
|  18|0x0000000084c00000, 0x0000000084c00000, 0x0000000084d00000|  0%| F|  |TAMS 0x0000000084c00000| PB 0x0000000084c00000| Untracked |  0
|  19|0x0000000084d00000, 0x0000000084e00000, 0x0000000084e00000|100%| O|  |TAMS 0x0000000084d00000| PB 0x0000000084d00000| Untracked |  0
|  20|0x0000000084e00000, 0x0000000084f00000, 0x0000000084f00000|100%| O|Cm|TAMS 0x0000000084e00000| PB 0x0000000084e00000| Complete |  0
|  21|0x0000000084f00000, 0x0000000085000000, 0x0000000085000000|100%| O|  |TAMS 0x0000000084f00000| PB 0x0000000084f00000| Untracked |  0
|  22|0x0000000085000000, 0x0000000085100000, 0x0000000085100000|100%| O|Cm|TAMS 0x0000000085000000| PB 0x0000000085000000| Complete |  0
|  23|0x0000000085100000, 0x0000000085200000, 0x0000000085200000|100%| O|  |TAMS 0x0000000085100000| PB 0x0000000085100000| Untracked |  0
|  24|0x0000000085200000, 0x0000000085300000, 0x0000000085300000|100%| O|Cm|TAMS 0x0000000085200000| PB 0x0000000085200000| Complete |  0
|  25|0x0000000085300000, 0x0000000085400000, 0x0000000085400000|100%| O|Cm|TAMS 0x0000000085300000| PB 0x0000000085300000| Complete |  0
|  26|0x0000000085400000, 0x0000000085500000, 0x0000000085500000|100%| O|Cm|TAMS 0x0000000085400000| PB 0x0000000085400000| Complete |  0
|  27|0x0000000085500000, 0x0000000085600000, 0x0000000085600000|100%| O|  |TAMS 0x0000000085500000| PB 0x0000000085500000| Untracked |  0
|  28|0x0000000085600000, 0x0000000085700000, 0x0000000085700000|100%| O|  |TAMS 0x0000000085600000| PB 0x0000000085600000| Untracked |  0
|  29|0x0000000085700000, 0x0000000085800000, 0x0000000085800000|100%| O|  |TAMS 0x0000000085700000| PB 0x0000000085700000| Untracked |  0
|  30|0x0000000085800000, 0x0000000085900000, 0x0000000085900000|100%| O|  |TAMS 0x0000000085800000| PB 0x0000000085800000| Untracked |  0
|  31|0x0000000085900000, 0x0000000085a00000, 0x0000000085a00000|100%| O|Cm|TAMS 0x0000000085900000| PB 0x0000000085900000| Complete |  0
|  32|0x0000000085a00000, 0x0000000085b00000, 0x0000000085b00000|100%| O|  |TAMS 0x0000000085a00000| PB 0x0000000085a00000| Untracked |  0
|  33|0x0000000085b00000, 0x0000000085c00000, 0x0000000085c00000|100%| O|  |TAMS 0x0000000085b00000| PB 0x0000000085b00000| Untracked |  0
|  34|0x0000000085c00000, 0x0000000085d00000, 0x0000000085d00000|100%| O|Cm|TAMS 0x0000000085c00000| PB 0x0000000085c00000| Complete |  0
|  35|0x0000000085d00000, 0x0000000085e00000, 0x0000000085e00000|100%| O|  |TAMS 0x0000000085d00000| PB 0x0000000085d00000| Untracked |  0
|  36|0x0000000085e00000, 0x0000000085f00000, 0x0000000085f00000|100%| O|  |TAMS 0x0000000085e00000| PB 0x0000000085e00000| Untracked |  0
|  37|0x0000000085f00000, 0x0000000086000000, 0x0000000086000000|100%| O|  |TAMS 0x0000000085f00000| PB 0x0000000085f00000| Untracked |  0
|  38|0x0000000086000000, 0x0000000086100000, 0x0000000086100000|100%| O|Cm|TAMS 0x0000000086000000| PB 0x0000000086000000| Complete |  0
|  39|0x0000000086100000, 0x0000000086200000, 0x0000000086200000|100%| O|  |TAMS 0x0000000086100000| PB 0x0000000086100000| Untracked |  0
|  40|0x0000000086200000, 0x0000000086300000, 0x0000000086300000|100%| O|Cm|TAMS 0x0000000086200000| PB 0x0000000086200000| Complete |  0
|  41|0x0000000086300000, 0x0000000086400000, 0x0000000086400000|100%| O|Cm|TAMS 0x0000000086300000| PB 0x0000000086300000| Complete |  0
|  42|0x0000000086400000, 0x0000000086500000, 0x0000000086500000|100%| O|Cm|TAMS 0x0000000086400000| PB 0x0000000086400000| Complete |  0
|  43|0x0000000086500000, 0x0000000086600000, 0x0000000086600000|100%| O|  |TAMS 0x0000000086500000| PB 0x0000000086500000| Untracked |  0
|  44|0x0000000086600000, 0x0000000086700000, 0x0000000086700000|100%| O|  |TAMS 0x0000000086600000| PB 0x0000000086600000| Untracked |  0
|  45|0x0000000086700000, 0x0000000086800000, 0x0000000086800000|100%| O|  |TAMS 0x0000000086700000| PB 0x0000000086700000| Untracked |  0
|  46|0x0000000086800000, 0x0000000086900000, 0x0000000086900000|100%| O|  |TAMS 0x0000000086800000| PB 0x0000000086800000| Untracked |  0
|  47|0x0000000086900000, 0x0000000086900000, 0x0000000086a00000|  0%| F|  |TAMS 0x0000000086900000| PB 0x0000000086900000| Untracked |  0
|  48|0x0000000086a00000, 0x0000000086a00000, 0x0000000086b00000|  0%| F|  |TAMS 0x0000000086a00000| PB 0x0000000086a00000| Untracked |  0
|  49|0x0000000086b00000, 0x0000000086b00000, 0x0000000086c00000|  0%| F|  |TAMS 0x0000000086b00000| PB 0x0000000086b00000| Untracked |  0
|  50|0x0000000086c00000, 0x0000000086c00000, 0x0000000086d00000|  0%| F|  |TAMS 0x0000000086c00000| PB 0x0000000086c00000| Untracked |  0
|  51|0x0000000086d00000, 0x0000000086d00000, 0x0000000086e00000|  0%| F|  |TAMS 0x0000000086d00000| PB 0x0000000086d00000| Untracked |  0
|  52|0x0000000086e00000, 0x0000000086e00000, 0x0000000086f00000|  0%| F|  |TAMS 0x0000000086e00000| PB 0x0000000086e00000| Untracked |  0
|  53|0x0000000086f00000, 0x0000000086f81a38, 0x0000000087000000| 50%| S|CS|TAMS 0x0000000086f00000| PB 0x0000000086f00000| Complete |  0
|  54|0x0000000087000000, 0x0000000087000000, 0x0000000087100000|  0%| F|  |TAMS 0x0000000087000000| PB 0x0000000087000000| Untracked |  0
|  55|0x0000000087100000, 0x0000000087100000, 0x0000000087200000|  0%| F|  |TAMS 0x0000000087100000| PB 0x0000000087100000| Untracked |  0
|  56|0x0000000087200000, 0x0000000087200000, 0x0000000087300000|  0%| F|  |TAMS 0x0000000087200000| PB 0x0000000087200000| Untracked |  0
|  57|0x0000000087300000, 0x0000000087300000, 0x0000000087400000|  0%| F|  |TAMS 0x0000000087300000| PB 0x0000000087300000| Untracked |  0
|  58|0x0000000087400000, 0x0000000087500000, 0x0000000087500000|100%| E|  |TAMS 0x0000000087400000| PB 0x0000000087400000| Complete |  0
|  59|0x0000000087500000, 0x0000000087600000, 0x0000000087600000|100%| E|CS|TAMS 0x0000000087500000| PB 0x0000000087500000| Complete |  0
|  60|0x0000000087600000, 0x0000000087700000, 0x0000000087700000|100%| E|CS|TAMS 0x0000000087600000| PB 0x0000000087600000| Complete |  0
|  61|0x0000000087700000, 0x0000000087800000, 0x0000000087800000|100%| E|CS|TAMS 0x0000000087700000| PB 0x0000000087700000| Complete |  0
|  62|0x0000000087800000, 0x0000000087900000, 0x0000000087900000|100%| E|CS|TAMS 0x0000000087800000| PB 0x0000000087800000| Complete |  0
|  63|0x0000000087900000, 0x0000000087a00000, 0x0000000087a00000|100%| E|CS|TAMS 0x0000000087900000| PB 0x0000000087900000| Complete |  0
|  64|0x0000000087a00000, 0x0000000087b00000, 0x0000000087b00000|100%| E|CS|TAMS 0x0000000087a00000| PB 0x0000000087a00000| Complete |  0
|  65|0x0000000087b00000, 0x0000000087c00000, 0x0000000087c00000|100%| E|CS|TAMS 0x0000000087b00000| PB 0x0000000087b00000| Complete |  0
|  66|0x0000000087c00000, 0x0000000087d00000, 0x0000000087d00000|100%| E|CS|TAMS 0x0000000087c00000| PB 0x0000000087c00000| Complete |  0
|  67|0x0000000087d00000, 0x0000000087e00000, 0x0000000087e00000|100%| E|CS|TAMS 0x0000000087d00000| PB 0x0000000087d00000| Complete |  0
|  70|0x0000000088000000, 0x0000000088100000, 0x0000000088100000|100%| E|CS|TAMS 0x0000000088000000| PB 0x0000000088000000| Complete |  0
|  71|0x0000000088100000, 0x0000000088200000, 0x0000000088200000|100%| E|CS|TAMS 0x0000000088100000| PB 0x0000000088100000| Complete |  0
|  72|0x0000000088200000, 0x0000000088300000, 0x0000000088300000|100%| E|CS|TAMS 0x0000000088200000| PB 0x0000000088200000| Complete |  0
|  73|0x0000000088300000, 0x0000000088400000, 0x0000000088400000|100%| E|CS|TAMS 0x0000000088300000| PB 0x0000000088300000| Complete |  0
|  74|0x0000000088400000, 0x0000000088500000, 0x0000000088500000|100%| E|CS|TAMS 0x0000000088400000| PB 0x0000000088400000| Complete |  0
|  75|0x0000000088500000, 0x0000000088600000, 0x0000000088600000|100%| E|CS|TAMS 0x0000000088500000| PB 0x0000000088500000| Complete |  0
|  76|0x0000000088600000, 0x0000000088700000, 0x0000000088700000|100%| E|CS|TAMS 0x0000000088600000| PB 0x0000000088600000| Complete |  0
| 124|0x000000008b600000, 0x000000008b700000, 0x000000008b700000|100%| E|CS|TAMS 0x000000008b600000| PB 0x000000008b600000| Complete |  0
| 125|0x000000008b700000, 0x000000008b800000, 0x000000008b800000|100%| E|CS|TAMS 0x000000008b700000| PB 0x000000008b700000| Complete |  0

Card table byte_map: [0x00000215fe860000,0x00000215fec50000] _byte_map_base: 0x00000215fe443000

Marking Bits: (CMBitMap*) 0x00000215f508ebf0
 Bits: [0x0000021583000000, 0x0000021584f18000)

Polling page: 0x00000215f50f0000

Metaspace:

Usage:
  Non-class:     70.69 MB used.
      Class:     12.36 MB used.
       Both:     83.05 MB used.

Virtual space:
  Non-class space:      128.00 MB reserved,      71.44 MB ( 56%) committed,  2 nodes.
      Class space:        1.00 GB reserved,      12.81 MB (  1%) committed,  1 nodes.
             Both:        1.12 GB reserved,      84.25 MB (  7%) committed. 

Chunk freelists:
   Non-Class:  8.60 MB
       Class:  3.18 MB
        Both:  11.78 MB

MaxMetaspaceSize: unlimited
CompressedClassSpaceSize: 1.00 GB
Initial GC threshold: 21.00 MB
Current GC threshold: 140.44 MB
CDS: on
 - commit_granule_bytes: 65536.
 - commit_granule_words: 8192.
 - virtual_space_node_default_size: 8388608.
 - enlarge_chunks_in_place: 1.
 - use_allocation_guard: 0.


Internal statistics:

num_allocs_failed_limit: 6.
num_arena_births: 1438.
num_arena_deaths: 424.
num_vsnodes_births: 3.
num_vsnodes_deaths: 0.
num_space_committed: 1348.
num_space_uncommitted: 0.
num_chunks_returned_to_freelist: 476.
num_chunks_taken_from_freelist: 4394.
num_chunk_merges: 129.
num_chunk_splits: 3148.
num_chunks_enlarged: 2463.
num_inconsistent_stats: 0.

CodeCache: size=49152Kb used=13055Kb max_used=16645Kb free=36096Kb
 bounds [0x0000021580000000, 0x00000215811c0000, 0x0000021583000000]
 total_blobs=9920, nmethods=9107, adapters=737, full_count=0
Compilation: enabled, stopped_count=0, restarted_count=0

Compilation events (20 events):
Event: 129.096 Thread 0x00000215cc00d570 12681       1       org.hibernate.service.spi.ServiceBinding::getLifecycleOwner (5 bytes)
Event: 129.097 Thread 0x00000215cc00d570 nmethod 12681 0x000002158089a688 code [0x000002158089a7a0, 0x000002158089a868]
Event: 129.113 Thread 0x00000215cc00d570 12682       1       sun.nio.ch.OptionKey::level (5 bytes)
Event: 129.113 Thread 0x00000215cc00d570 nmethod 12682 0x000002158089f808 code [0x000002158089f920, 0x000002158089f9e8]
Event: 129.113 Thread 0x00000215cc00d570 12683       1       sun.nio.ch.OptionKey::name (5 bytes)
Event: 129.113 Thread 0x00000215cc00d570 nmethod 12683 0x00000215808a3d88 code [0x00000215808a3ea0, 0x00000215808a3f68]
Event: 129.114 Thread 0x00000215cc00d570 12684       1       ch.qos.logback.core.UnsynchronizedAppenderBase::isStarted (5 bytes)
Event: 129.114 Thread 0x00000215cc00d570 nmethod 12684 0x00000215808ad408 code [0x00000215808ad520, 0x00000215808ad5f0]
Event: 129.114 Thread 0x00000215cc00d570 12685       1       org.springframework.boot.ansi.AnsiColor::toString (5 bytes)
Event: 129.114 Thread 0x00000215cc00d570 nmethod 12685 0x00000215808aeb08 code [0x00000215808aec20, 0x00000215808aece8]
Event: 129.121 Thread 0x00000215cc00d570 12686       1       org.apache.juli.logging.DirectJDKLog::isDebugEnabled (11 bytes)
Event: 129.122 Thread 0x00000215cc00d570 nmethod 12686 0x00000215808af488 code [0x00000215808af5a0, 0x00000215808af6a8]
Event: 129.132 Thread 0x00000215cc00d570 12687       1       org.apache.catalina.util.LifecycleBase::fireLifecycleEvent (56 bytes)
Event: 129.132 Thread 0x00000215cc00d570 nmethod 12687 0x00000215804d1008 code [0x00000215804d1160, 0x00000215804d14e0]
Event: 129.132 Thread 0x00000215cc00d570 12688       1       org.apache.catalina.LifecycleEvent::<init> (16 bytes)
Event: 129.132 Thread 0x00000215cc00d570 nmethod 12688 0x0000021580be0988 code [0x0000021580be0ac0, 0x0000021580be0d50]
Event: 129.134 Thread 0x00000215cc00d570 12689   !   1       java.lang.Thread::afterSleep (13 bytes)
Event: 129.134 Thread 0x00000215cc00d570 nmethod 12689 0x00000215808ccd88 code [0x00000215808ccea0, 0x00000215808ccf98]
Event: 129.134 Thread 0x00000215cc00d570 12690  s    1       org.apache.catalina.util.LifecycleBase::setStateInternal (144 bytes)
Event: 129.134 Thread 0x00000215cc00d570 nmethod 12690 0x00000215809a6388 code [0x00000215809a6520, 0x00000215809a6d18]

GC Heap History (20 events):
Event: 7.554 GC heap after
{Heap after GC invocations=25 (full 0):
 garbage-first heap   total reserved 2037760K, committed 67584K, used 36326K [0x0000000083a00000, 0x0000000100000000)
  region size 1024K, 2 young (2048K), 2 survivors (2048K)
 Metaspace       used 69921K, committed 70720K, reserved 1114112K
  class space    used 10281K, committed 10624K, reserved 1048576K
}
Event: 8.130 GC heap before
{Heap before GC invocations=26 (full 0):
 garbage-first heap   total reserved 2037760K, committed 67584K, used 59878K [0x0000000083a00000, 0x0000000100000000)
  region size 1024K, 26 young (26624K), 2 survivors (2048K)
 Metaspace       used 71656K, committed 72384K, reserved 1114112K
  class space    used 10656K, committed 10944K, reserved 1048576K
}
Event: 8.133 GC heap after
{Heap after GC invocations=27 (full 0):
 garbage-first heap   total reserved 2037760K, committed 67584K, used 37544K [0x0000000083a00000, 0x0000000100000000)
  region size 1024K, 4 young (4096K), 4 survivors (4096K)
 Metaspace       used 71656K, committed 72384K, reserved 1114112K
  class space    used 10656K, committed 10944K, reserved 1048576K
}
Event: 8.565 GC heap before
{Heap before GC invocations=27 (full 0):
 garbage-first heap   total reserved 2037760K, committed 67584K, used 57000K [0x0000000083a00000, 0x0000000100000000)
  region size 1024K, 24 young (24576K), 4 survivors (4096K)
 Metaspace       used 73312K, committed 74048K, reserved 1114112K
  class space    used 10880K, committed 11200K, reserved 1048576K
}
Event: 8.568 GC heap after
{Heap after GC invocations=28 (full 0):
 garbage-first heap   total reserved 2037760K, committed 67584K, used 38066K [0x0000000083a00000, 0x0000000100000000)
  region size 1024K, 2 young (2048K), 2 survivors (2048K)
 Metaspace       used 73312K, committed 74048K, reserved 1114112K
  class space    used 10880K, committed 11200K, reserved 1048576K
}
Event: 8.896 GC heap before
{Heap before GC invocations=28 (full 0):
 garbage-first heap   total reserved 2037760K, committed 67584K, used 60594K [0x0000000083a00000, 0x0000000100000000)
  region size 1024K, 24 young (24576K), 2 survivors (2048K)
 Metaspace       used 75484K, committed 76288K, reserved 1114112K
  class space    used 11208K, committed 11584K, reserved 1048576K
}
Event: 8.899 GC heap after
{Heap after GC invocations=29 (full 0):
 garbage-first heap   total reserved 2037760K, committed 67584K, used 39787K [0x0000000083a00000, 0x0000000100000000)
  region size 1024K, 3 young (3072K), 3 survivors (3072K)
 Metaspace       used 75484K, committed 76288K, reserved 1114112K
  class space    used 11208K, committed 11584K, reserved 1048576K
}
Event: 9.136 GC heap before
{Heap before GC invocations=30 (full 0):
 garbage-first heap   total reserved 2037760K, committed 68608K, used 59243K [0x0000000083a00000, 0x0000000100000000)
  region size 1024K, 22 young (22528K), 3 survivors (3072K)
 Metaspace       used 77016K, committed 77760K, reserved 1179648K
  class space    used 11462K, committed 11776K, reserved 1048576K
}
Event: 9.138 GC heap after
{Heap after GC invocations=31 (full 0):
 garbage-first heap   total reserved 2037760K, committed 68608K, used 42200K [0x0000000083a00000, 0x0000000100000000)
  region size 1024K, 3 young (3072K), 3 survivors (3072K)
 Metaspace       used 77016K, committed 77760K, reserved 1179648K
  class space    used 11462K, committed 11776K, reserved 1048576K
}
Event: 9.337 GC heap before
{Heap before GC invocations=31 (full 0):
 garbage-first heap   total reserved 2037760K, committed 68608K, used 60632K [0x0000000083a00000, 0x0000000100000000)
  region size 1024K, 21 young (21504K), 3 survivors (3072K)
 Metaspace       used 79065K, committed 79872K, reserved 1179648K
  class space    used 11782K, committed 12160K, reserved 1048576K
}
Event: 9.341 GC heap after
{Heap after GC invocations=32 (full 0):
 garbage-first heap   total reserved 2037760K, committed 68608K, used 44286K [0x0000000083a00000, 0x0000000100000000)
  region size 1024K, 3 young (3072K), 3 survivors (3072K)
 Metaspace       used 79065K, committed 79872K, reserved 1179648K
  class space    used 11782K, committed 12160K, reserved 1048576K
}
Event: 17.704 GC heap before
{Heap before GC invocations=32 (full 0):
 garbage-first heap   total reserved 2037760K, committed 68608K, used 59646K [0x0000000083a00000, 0x0000000100000000)
  region size 1024K, 19 young (19456K), 3 survivors (3072K)
 Metaspace       used 82115K, committed 82944K, reserved 1179648K
  class space    used 12223K, committed 12608K, reserved 1048576K
}
Event: 17.707 GC heap after
{Heap after GC invocations=33 (full 0):
 garbage-first heap   total reserved 2037760K, committed 68608K, used 44441K [0x0000000083a00000, 0x0000000100000000)
  region size 1024K, 1 young (1024K), 1 survivors (1024K)
 Metaspace       used 82115K, committed 82944K, reserved 1179648K
  class space    used 12223K, committed 12608K, reserved 1048576K
}
Event: 46.805 GC heap before
{Heap before GC invocations=34 (full 0):
 garbage-first heap   total reserved 2037760K, committed 75776K, used 60825K [0x0000000083a00000, 0x0000000100000000)
  region size 1024K, 18 young (18432K), 1 survivors (1024K)
 Metaspace       used 83761K, committed 84672K, reserved 1179648K
  class space    used 12465K, committed 12864K, reserved 1048576K
}
Event: 46.807 GC heap after
{Heap after GC invocations=35 (full 0):
 garbage-first heap   total reserved 2037760K, committed 75776K, used 46100K [0x0000000083a00000, 0x0000000100000000)
  region size 1024K, 3 young (3072K), 3 survivors (3072K)
 Metaspace       used 83761K, committed 84672K, reserved 1179648K
  class space    used 12465K, committed 12864K, reserved 1048576K
}
Event: 67.255 GC heap before
{Heap before GC invocations=35 (full 0):
 garbage-first heap   total reserved 2037760K, committed 75776K, used 66580K [0x0000000083a00000, 0x0000000100000000)
  region size 1024K, 23 young (23552K), 3 survivors (3072K)
 Metaspace       used 85041K, committed 86016K, reserved 1179648K
  class space    used 12683K, committed 13120K, reserved 1048576K
}
Event: 67.262 GC heap after
{Heap after GC invocations=36 (full 0):
 garbage-first heap   total reserved 2037760K, committed 75776K, used 47219K [0x0000000083a00000, 0x0000000100000000)
  region size 1024K, 2 young (2048K), 2 survivors (2048K)
 Metaspace       used 85041K, committed 86016K, reserved 1179648K
  class space    used 12683K, committed 13120K, reserved 1048576K
}
Event: 82.431 GC heap before
{Heap before GC invocations=36 (full 0):
 garbage-first heap   total reserved 2037760K, committed 75776K, used 66675K [0x0000000083a00000, 0x0000000100000000)
  region size 1024K, 22 young (22528K), 2 survivors (2048K)
 Metaspace       used 85287K, committed 86272K, reserved 1179648K
  class space    used 12729K, committed 13120K, reserved 1048576K
}
Event: 82.433 GC heap after
{Heap after GC invocations=37 (full 0):
 garbage-first heap   total reserved 2037760K, committed 75776K, used 46598K [0x0000000083a00000, 0x0000000100000000)
  region size 1024K, 1 young (1024K), 1 survivors (1024K)
 Metaspace       used 85287K, committed 86272K, reserved 1179648K
  class space    used 12729K, committed 13120K, reserved 1048576K
}
Event: 129.137 GC heap before
{Heap before GC invocations=38 (full 0):
 garbage-first heap   total reserved 2037760K, committed 78848K, used 65030K [0x0000000083a00000, 0x0000000100000000)
  region size 1024K, 20 young (20480K), 1 survivors (1024K)
 Metaspace       used 85044K, committed 86272K, reserved 1179648K
  class space    used 12659K, committed 13120K, reserved 1048576K
}

Dll operation events (12 events):
Event: 0.015 Loaded shared library C:\Program Files\Java\jdk-23\bin\java.dll
Event: 0.115 Loaded shared library C:\Program Files\Java\jdk-23\bin\zip.dll
Event: 0.119 Loaded shared library C:\Program Files\Java\jdk-23\bin\instrument.dll
Event: 0.123 Loaded shared library C:\Program Files\Java\jdk-23\bin\net.dll
Event: 0.124 Loaded shared library C:\Program Files\Java\jdk-23\bin\nio.dll
Event: 0.127 Loaded shared library C:\Program Files\Java\jdk-23\bin\zip.dll
Event: 0.614 Loaded shared library C:\Program Files\Java\jdk-23\bin\extnet.dll
Event: 0.620 Loaded shared library C:\Program Files\Java\jdk-23\bin\jimage.dll
Event: 0.667 Loaded shared library C:\Program Files\Java\jdk-23\bin\management.dll
Event: 0.742 Loaded shared library C:\Program Files\Java\jdk-23\bin\management_ext.dll
Event: 2.334 Loaded shared library C:\Program Files\Java\jdk-23\bin\sunmscapi.dll
Event: 3.721 Loaded shared library C:\Program Files\Java\jdk-23\bin\verify.dll

Deoptimization events (2 events):
Event: 5.506 Thread 0x00000215cd042810 DEOPT PACKING pc=0x0000021580bf871c sp=0x00000073336fd4c0
Event: 5.506 Thread 0x00000215cd042810 DEOPT UNPACKING pc=0x00000215800584c2 sp=0x00000073336fca38 mode 0

Classes loaded (20 events):
Event: 67.235 Loading class java/lang/invoke/BoundMethodHandle$Species_LLLLLLLLLLLLL
Event: 67.235 Loading class java/lang/invoke/BoundMethodHandle$Species_LLLLLLLLLLLLL done
Event: 67.298 Loading class java/util/function/IntBinaryOperator
Event: 67.298 Loading class java/util/function/IntBinaryOperator done
Event: 67.299 Loading class java/util/stream/ReduceOps$7
Event: 67.299 Loading class java/util/stream/ReduceOps$7 done
Event: 67.299 Loading class java/util/stream/ReduceOps$6ReducingSink
Event: 67.299 Loading class java/util/stream/ReduceOps$6ReducingSink done
Event: 67.303 Loading class java/io/PrintWriter$1
Event: 67.304 Loading class jdk/internal/access/JavaIOPrintWriterAccess
Event: 67.304 Loading class jdk/internal/access/JavaIOPrintWriterAccess done
Event: 67.304 Loading class java/io/PrintWriter$1 done
Event: 67.304 Loading class java/lang/Throwable$WrappedPrintWriter
Event: 67.304 Loading class java/lang/Throwable$WrappedPrintWriter done
Event: 129.054 Loading class java/util/concurrent/locks/AbstractQueuedSynchronizer$SharedNode
Event: 129.056 Loading class java/util/concurrent/locks/AbstractQueuedSynchronizer$SharedNode done
Event: 129.097 Loading class java/util/AbstractMap$2
Event: 129.098 Loading class java/util/AbstractMap$2 done
Event: 129.101 Loading class java/util/AbstractMap$ValueIterator
Event: 129.102 Loading class java/util/AbstractMap$ValueIterator done

Classes unloaded (20 events):
Event: 82.451 Thread 0x00000215ff0e0a00 Unloading class 0x00000215880c0800 'java/lang/invoke/LambdaForm$DMH+0x00000215880c0800'
Event: 82.451 Thread 0x00000215ff0e0a00 Unloading class 0x00000215880c0000 'java/lang/invoke/LambdaForm$DMH+0x00000215880c0000'
Event: 82.451 Thread 0x00000215ff0e0a00 Unloading class 0x000002158800cc00 'java/lang/invoke/LambdaForm$MH+0x000002158800cc00'
Event: 82.451 Thread 0x00000215ff0e0a00 Unloading class 0x000002158800c800 'java/lang/invoke/LambdaForm$DMH+0x000002158800c800'
Event: 82.451 Thread 0x00000215ff0e0a00 Unloading class 0x000002158800c400 'java/lang/invoke/LambdaForm$DMH+0x000002158800c400'
Event: 82.451 Thread 0x00000215ff0e0a00 Unloading class 0x000002158800b800 'java/lang/invoke/LambdaForm$MH+0x000002158800b800'
Event: 82.451 Thread 0x00000215ff0e0a00 Unloading class 0x000002158800ac00 'java/lang/invoke/LambdaForm$MH+0x000002158800ac00'
Event: 82.451 Thread 0x00000215ff0e0a00 Unloading class 0x000002158800a800 'java/lang/invoke/LambdaForm$MH+0x000002158800a800'
Event: 82.451 Thread 0x00000215ff0e0a00 Unloading class 0x000002158800a400 'java/lang/invoke/LambdaForm$MH+0x000002158800a400'
Event: 82.451 Thread 0x00000215ff0e0a00 Unloading class 0x0000021588007800 'java/lang/invoke/LambdaForm$MH+0x0000021588007800'
Event: 82.451 Thread 0x00000215ff0e0a00 Unloading class 0x0000021588006c00 'java/lang/invoke/LambdaForm$MH+0x0000021588006c00'
Event: 82.451 Thread 0x00000215ff0e0a00 Unloading class 0x0000021588006800 'java/lang/invoke/LambdaForm$MH+0x0000021588006800'
Event: 82.451 Thread 0x00000215ff0e0a00 Unloading class 0x0000021588006000 'java/lang/invoke/LambdaForm$MH+0x0000021588006000'
Event: 82.451 Thread 0x00000215ff0e0a00 Unloading class 0x0000021588005800 'java/lang/invoke/LambdaForm$MH+0x0000021588005800'
Event: 82.451 Thread 0x00000215ff0e0a00 Unloading class 0x0000021588005000 'java/lang/invoke/LambdaForm$MH+0x0000021588005000'
Event: 82.451 Thread 0x00000215ff0e0a00 Unloading class 0x0000021588004800 'java/lang/invoke/LambdaForm$MH+0x0000021588004800'
Event: 82.451 Thread 0x00000215ff0e0a00 Unloading class 0x0000021588002000 'java/lang/invoke/LambdaForm$MH+0x0000021588002000'
Event: 82.451 Thread 0x00000215ff0e0a00 Unloading class 0x0000021588001c00 'java/lang/invoke/LambdaForm$MH+0x0000021588001c00'
Event: 82.451 Thread 0x00000215ff0e0a00 Unloading class 0x0000021588001800 'java/lang/invoke/LambdaForm$MH+0x0000021588001800'
Event: 82.451 Thread 0x00000215ff0e0a00 Unloading class 0x0000021588001000 'java/lang/invoke/LambdaForm$MH+0x0000021588001000'

Classes redefined (0 events):
No events

Internal exceptions (20 events):
Event: 46.903 Thread 0x00000215d0471130 Exception <a 'java/lang/NoSuchMethodError'{0x000000008861ced8}: 'long java.lang.invoke.DirectMethodHandle$Holder.invokeStatic(java.lang.Object, java.lang.Object, int)'> (0x000000008861ced8) 
thrown [s\open\src\hotspot\share\interpreter\linkResolver.cpp, line 796]
Event: 46.903 Thread 0x00000215d0471130 Exception <a 'java/lang/NoSuchMethodError'{0x0000000088627b70}: 'java.lang.Object java.lang.invoke.DelegatingMethodHandle$Holder.reinvoke_L(java.lang.Object, int, long, java.lang.Object, java.lang.Object, int, java.lang.Object)'> (0x0000000088627b70) 
thrown [s\open\src\hotspot\share\interpreter\linkResolver.cpp, line 796]
Event: 46.906 Thread 0x00000215d0471130 Exception <a 'sun/nio/fs/WindowsException'{0x000000008864b300}> (0x000000008864b300) 
thrown [s\open\src\hotspot\share\prims\jni.cpp, line 520]
Event: 46.926 Thread 0x00000215d0471130 Exception <a 'java/lang/NoSuchMethodError'{0x00000000885165f0}: 'int java.lang.invoke.DirectMethodHandle$Holder.invokeStatic(java.lang.Object, java.lang.Object, int, int)'> (0x00000000885165f0) 
thrown [s\open\src\hotspot\share\interpreter\linkResolver.cpp, line 796]
Event: 46.977 Thread 0x00000215d0471130 Exception <a 'java/lang/NoSuchMethodError'{0x0000000088443420}: 'int java.lang.invoke.DirectMethodHandle$Holder.invokeStatic(java.lang.Object, java.lang.Object, int, java.lang.Object)'> (0x0000000088443420) 
thrown [s\open\src\hotspot\share\interpreter\linkResolver.cpp, line 796]
Event: 46.996 Thread 0x00000215d0471130 Exception <a 'java/lang/NoSuchMethodError'{0x0000000088484038}: 'int java.lang.invoke.DirectMethodHandle$Holder.invokeInterface(java.lang.Object, java.lang.Object, java.lang.Object, int, java.lang.Object, java.lang.Object)'> (0x0000000088484038) 
thrown [s\open\src\hotspot\share\interpreter\linkResolver.cpp, line 796]
Event: 46.996 Thread 0x00000215d0471130 Exception <a 'java/lang/IncompatibleClassChangeError'{0x0000000088488360}: Found class java.lang.Object, but interface was expected> (0x0000000088488360) 
thrown [s\open\src\hotspot\share\interpreter\linkResolver.cpp, line 863]
Event: 67.200 Thread 0x00000215d04717c0 Exception <a 'java/lang/NoSuchMethodError'{0x00000000874b8950}: 'java.lang.Object java.lang.invoke.DirectMethodHandle$Holder.invokeVirtual(java.lang.Object, java.lang.Object, java.lang.Object, java.lang.Object, java.lang.Object, java.lang.Object, java.lang.Object, java.lang.Object)'> (0x00000000874b8950) 
thrown [s\open\src\hotspot\share\interpreter\linkResolver.cpp, line 796]
Event: 67.234 Thread 0x00000215d04717c0 Exception <a 'java/lang/NoSuchMethodError'{0x000000008738eea8}: 'java.lang.Object java.lang.invoke.DirectMethodHandle$Holder.invokeStatic(java.lang.Object, java.lang.Object, java.lang.Object, java.lang.Object, java.lang.Object, java.lang.Object, java.lang.Object, java.lang.Object, java.lang.Object, java.lang.Object, java.lang.Object, java.lang.Object, java.lang.Object)'> (0x000000008738eea8) 
thrown [s\open\src\hotspot\share\interpreter\linkResolver.cpp, line 796]
Event: 67.234 Thread 0x00000215d04717c0 Exception <a 'java/lang/NoSuchMethodError'{0x00000000873ae110}: 'java.lang.Object java.lang.invoke.DirectMethodHandle$Holder.invokeStatic(java.lang.Object, java.lang.Object, java.lang.Object, java.lang.Object, java.lang.Object, java.lang.Object, java.lang.Object, java.lang.Object, java.lang.Object, java.lang.Object, java.lang.Object, java.lang.Object, java.lang.Object, java.lang.Object)'> (0x00000000873ae110) 
thrown [s\open\src\hotspot\share\interpreter\linkResolver.cpp, line 796]
Event: 67.235 Thread 0x00000215d04717c0 Exception <a 'java/lang/NoSuchMethodError'{0x00000000873cf0e0}: 'java.lang.Object java.lang.invoke.DirectMethodHandle$Holder.invokeStatic(java.lang.Object, java.lang.Object, java.lang.Object, java.lang.Object, java.lang.Object, java.lang.Object, java.lang.Object, java.lang.Object, java.lang.Object, java.lang.Object, java.lang.Object, java.lang.Object, java.lang.Object, java.lang.Object, java.lang.Object)'> (0x00000000873cf0e0) 
thrown [s\open\src\hotspot\share\interpreter\linkResolver.cpp, line 796]
Event: 67.236 Thread 0x00000215d04717c0 Exception <a 'java/lang/NoSuchMethodError'{0x00000000873f3008}: 'java.lang.Object java.lang.invoke.DirectMethodHandle$Holder.invokeStatic(java.lang.Object, java.lang.Object, java.lang.Object, java.lang.Object, java.lang.Object, java.lang.Object, java.lang.Object, java.lang.Object, java.lang.Object, java.lang.Object, java.lang.Object, java.lang.Object, java.lang.Object, java.lang.Object, java.lang.Object, java.lang.Object)'> (0x00000000873f3008) 
thrown [s\open\src\hotspot\share\interpreter\linkResolver.cpp
Event: 67.237 Thread 0x00000215d04717c0 Exception <a 'java/lang/NoSuchMethodError'{0x0000000086f08f88}: 'java.lang.Object java.lang.invoke.Invokers$Holder.linkToTargetMethod(java.lang.Object, java.lang.Object, java.lang.Object, java.lang.Object, java.lang.Object, java.lang.Object, java.lang.Object, java.lang.Object, java.lang.Object, java.lang.Object, java.lang.Object, java.lang.Object, java.lang.Object, java.lang.Object, java.lang.Object, java.lang.Object, java.lang.Object, java.lang.Object)'> (0x0000000086f08f88) 
thrown [s\open\src\hotspot\sh
Event: 67.268 Thread 0x00000215d04717c0 StackOverflowError at 0x000002158028d840
Event: 67.268 Thread 0x00000215d04717c0 Exception <a 'java/lang/StackOverflowError'{0x0000000088512968}> (0x0000000088512968) 
thrown [s\open\src\hotspot\share\runtime\sharedRuntime.cpp, line 627]
Event: 82.424 Thread 0x00000215d0471130 StackOverflowError at 0x000002158028d840
Event: 82.425 Thread 0x00000215d0471130 Exception <a 'java/lang/StackOverflowError'{0x00000000871a2168}> (0x00000000871a2168) 
thrown [s\open\src\hotspot\share\runtime\sharedRuntime.cpp, line 627]
Event: 96.922 Thread 0x00000215cf0b9f00 StackOverflowError at 0x00000215801474e0
Event: 96.923 Thread 0x00000215cf0b9f00 Exception <a 'java/lang/StackOverflowError'{0x0000000087b54348}> (0x0000000087b54348) 
thrown [s\open\src\hotspot\share\runtime\sharedRuntime.cpp, line 627]
Event: 129.134 Thread 0x00000215cd343290 Exception <a 'java/lang/InterruptedException'{0x00000000874fccb8}: sleep interrupted> (0x00000000874fccb8) 
thrown [s\open\src\hotspot\share\prims\jvm.cpp, line 3093]

VM Operations (20 events):
Event: 46.954 Executing VM operation: HandshakeAllThreads (Deoptimize) done
Event: 47.008 Executing VM operation: HandshakeAllThreads (Deoptimize)
Event: 47.008 Executing VM operation: HandshakeAllThreads (Deoptimize) done
Event: 60.131 Executing VM operation: HandshakeAllThreads (HandshakeForDeflation)
Event: 60.131 Executing VM operation: HandshakeAllThreads (HandshakeForDeflation) done
Event: 60.131 Executing VM operation: RendezvousGCThreads
Event: 60.131 Executing VM operation: RendezvousGCThreads done
Event: 67.255 Executing VM operation: G1CollectForAllocation (G1 Evacuation Pause)
Event: 67.262 Executing VM operation: G1CollectForAllocation (G1 Evacuation Pause) done
Event: 82.431 Executing VM operation: G1CollectForAllocation (G1 Evacuation Pause)
Event: 82.433 Executing VM operation: G1CollectForAllocation (G1 Evacuation Pause) done
Event: 82.449 Executing VM operation: G1PauseRemark
Event: 82.485 Executing VM operation: G1PauseRemark done
Event: 82.493 Executing VM operation: G1PauseCleanup
Event: 82.493 Executing VM operation: G1PauseCleanup done
Event: 120.237 Executing VM operation: HandshakeAllThreads (HandshakeForDeflation)
Event: 120.238 Executing VM operation: HandshakeAllThreads (HandshakeForDeflation) done
Event: 120.238 Executing VM operation: RendezvousGCThreads
Event: 120.238 Executing VM operation: RendezvousGCThreads done
Event: 129.135 Executing VM operation: G1CollectFull (System.gc())

Memory protections (0 events):
No events

Nmethod flushes (20 events):
Event: 82.483 Thread 0x00000215ff0e0a00 flushing  nmethod 0x0000021580bba408
Event: 82.483 Thread 0x00000215ff0e0a00 flushing  nmethod 0x0000021580bbad08
Event: 82.483 Thread 0x00000215ff0e0a00 flushing  nmethod 0x0000021580bbb988
Event: 82.483 Thread 0x00000215ff0e0a00 flushing  nmethod 0x0000021580bbc288
Event: 82.483 Thread 0x00000215ff0e0a00 flushing  nmethod 0x0000021580bbc588
Event: 82.483 Thread 0x00000215ff0e0a00 flushing  nmethod 0x0000021580bbc888
Event: 82.483 Thread 0x00000215ff0e0a00 flushing  nmethod 0x0000021580be3208
Event: 82.483 Thread 0x00000215ff0e0a00 flushing  nmethod 0x0000021580be4f08
Event: 82.483 Thread 0x00000215ff0e0a00 flushing  nmethod 0x0000021580c1f288
Event: 82.483 Thread 0x00000215ff0e0a00 flushing  nmethod 0x0000021580c1f588
Event: 82.483 Thread 0x00000215ff0e0a00 flushing  nmethod 0x0000021580c20308
Event: 82.483 Thread 0x00000215ff0e0a00 flushing  nmethod 0x0000021580c20608
Event: 82.483 Thread 0x00000215ff0e0a00 flushing  nmethod 0x0000021580c20c08
Event: 82.483 Thread 0x00000215ff0e0a00 flushing  nmethod 0x0000021580c2df88
Event: 82.483 Thread 0x00000215ff0e0a00 flushing  nmethod 0x0000021580c33008
Event: 82.483 Thread 0x00000215ff0e0a00 flushing  nmethod 0x0000021580c33308
Event: 82.483 Thread 0x00000215ff0e0a00 flushing  nmethod 0x0000021580c34088
Event: 82.483 Thread 0x00000215ff0e0a00 flushing  nmethod 0x0000021580c37408
Event: 82.483 Thread 0x00000215ff0e0a00 flushing  nmethod 0x0000021580d18408
Event: 82.483 Thread 0x00000215ff0e0a00 flushing  nmethod 0x0000021580d3d288

Events (20 events):
Event: 129.073 Thread 0x00000215d0473f20 Thread exited: 0x00000215d0473f20
Event: 129.074 Thread 0x00000215d0475ff0 Thread exited: 0x00000215d0475ff0
Event: 129.076 Thread 0x00000215d04724e0 Thread exited: 0x00000215d04724e0
Event: 129.077 Thread 0x00000215cf0bac20 Thread exited: 0x00000215cf0bac20
Event: 129.077 Thread 0x00000215cf0bc660 Thread exited: 0x00000215cf0bc660
Event: 129.077 Thread 0x00000215d0473200 Thread exited: 0x00000215d0473200
Event: 129.077 Thread 0x00000215d0470410 Thread exited: 0x00000215d0470410
Event: 129.077 Thread 0x00000215cf0bb2b0 Thread exited: 0x00000215cf0bb2b0
Event: 129.077 Thread 0x00000215d046fd80 Thread exited: 0x00000215d046fd80
Event: 129.077 Thread 0x00000215d0473890 Thread exited: 0x00000215d0473890
Event: 129.077 Thread 0x00000215d0471130 Thread exited: 0x00000215d0471130
Event: 129.077 Thread 0x00000215cf0b9f00 Thread exited: 0x00000215cf0b9f00
Event: 129.077 Thread 0x00000215d04717c0 Thread exited: 0x00000215d04717c0
Event: 129.111 Thread 0x00000215d0475960 Thread added: 0x00000215d046fd80
Event: 129.111 Thread 0x00000215cd344cd0 Thread exited: 0x00000215cd344cd0
Event: 129.113 Thread 0x00000215cd341ee0 Thread exited: 0x00000215cd341ee0
Event: 129.114 Thread 0x00000215d046fd80 Thread exited: 0x00000215d046fd80
Event: 129.133 Thread 0x00000215cd342570 Thread exited: 0x00000215cd342570
Event: 129.133 Thread 0x00000215cd344640 Thread exited: 0x00000215cd344640
Event: 129.134 Thread 0x00000215cd343290 Thread exited: 0x00000215cd343290


Dynamic libraries:
0x00007ff7ddb40000 - 0x00007ff7ddb50000 	C:\Program Files\Java\jdk-23\bin\java.exe
0x00007ffd0f3c0000 - 0x00007ffd0f625000 	C:\WINDOWS\SYSTEM32\ntdll.dll
0x00007ffd0e2a0000 - 0x00007ffd0e369000 	C:\WINDOWS\System32\KERNEL32.DLL
0x00007ffd0cd70000 - 0x00007ffd0d158000 	C:\WINDOWS\System32\KERNELBASE.dll
0x00007ffd0c710000 - 0x00007ffd0c85b000 	C:\WINDOWS\System32\ucrtbase.dll
0x00007ffd08d10000 - 0x00007ffd08d27000 	C:\Program Files\Java\jdk-23\bin\jli.dll
0x00007ffd08c80000 - 0x00007ffd08c9b000 	C:\Program Files\Java\jdk-23\bin\VCRUNTIME140.dll
0x00007ffd0e410000 - 0x00007ffd0e5da000 	C:\WINDOWS\System32\USER32.dll
0x00007ffd0c510000 - 0x00007ffd0c537000 	C:\WINDOWS\System32\win32u.dll
0x00007ffcf3ba0000 - 0x00007ffcf3e3a000 	C:\WINDOWS\WinSxS\amd64_microsoft.windows.common-controls_6595b64144ccf1df_6.0.26100.4202_none_3e0698d4e335f517\COMCTL32.dll
0x00007ffd0e370000 - 0x00007ffd0e39b000 	C:\WINDOWS\System32\GDI32.dll
0x00007ffd0e6e0000 - 0x00007ffd0e789000 	C:\WINDOWS\System32\msvcrt.dll
0x00007ffd0c540000 - 0x00007ffd0c677000 	C:\WINDOWS\System32\gdi32full.dll
0x00007ffd0ccc0000 - 0x00007ffd0cd63000 	C:\WINDOWS\System32\msvcp_win.dll
0x00007ffd0d5a0000 - 0x00007ffd0d5d0000 	C:\WINDOWS\System32\IMM32.DLL
0x00007ffd08f90000 - 0x00007ffd08f9c000 	C:\Program Files\Java\jdk-23\bin\vcruntime140_1.dll
0x00007ffcf9240000 - 0x00007ffcf92ce000 	C:\Program Files\Java\jdk-23\bin\msvcp140.dll
0x00007ffca40f0000 - 0x00007ffca4e40000 	C:\Program Files\Java\jdk-23\bin\server\jvm.dll
0x00007ffd0e820000 - 0x00007ffd0e8d3000 	C:\WINDOWS\System32\ADVAPI32.dll
0x00007ffd0d160000 - 0x00007ffd0d206000 	C:\WINDOWS\System32\sechost.dll
0x00007ffd0eac0000 - 0x00007ffd0ebd5000 	C:\WINDOWS\System32\RPCRT4.dll
0x00007ffd0e7a0000 - 0x00007ffd0e814000 	C:\WINDOWS\System32\WS2_32.dll
0x00007ffd0b180000 - 0x00007ffd0b1de000 	C:\WINDOWS\SYSTEM32\POWRPROF.dll
0x00007ffcf7eb0000 - 0x00007ffcf7ee5000 	C:\WINDOWS\SYSTEM32\WINMM.dll
0x00007ffd06250000 - 0x00007ffd0625b000 	C:\WINDOWS\SYSTEM32\VERSION.dll
0x00007ffd0b100000 - 0x00007ffd0b114000 	C:\WINDOWS\SYSTEM32\UMPDC.dll
0x00007ffd0b3c0000 - 0x00007ffd0b3db000 	C:\WINDOWS\SYSTEM32\kernel.appcore.dll
0x00007ffd08c70000 - 0x00007ffd08c7a000 	C:\Program Files\Java\jdk-23\bin\jimage.dll
0x00007ffd09c90000 - 0x00007ffd09ed1000 	C:\WINDOWS\SYSTEM32\DBGHELP.DLL
0x00007ffd0d210000 - 0x00007ffd0d595000 	C:\WINDOWS\System32\combase.dll
0x00007ffd0f0f0000 - 0x00007ffd0f1d1000 	C:\WINDOWS\System32\OLEAUT32.dll
0x00007ffd03ff0000 - 0x00007ffd04029000 	C:\WINDOWS\SYSTEM32\dbgcore.DLL
0x00007ffd0c9e0000 - 0x00007ffd0ca79000 	C:\WINDOWS\System32\bcryptPrimitives.dll
0x00007ffd083b0000 - 0x00007ffd083bf000 	C:\Program Files\Java\jdk-23\bin\instrument.dll
0x00007ffd07f00000 - 0x00007ffd07f1e000 	C:\Program Files\Java\jdk-23\bin\java.dll
0x00007ffd0e0f0000 - 0x00007ffd0e28e000 	C:\WINDOWS\System32\ole32.dll
0x00007ffd0d940000 - 0x00007ffd0e082000 	C:\WINDOWS\System32\SHELL32.dll
0x00007ffd0c860000 - 0x00007ffd0c9d4000 	C:\WINDOWS\System32\wintypes.dll
0x00007ffd0a150000 - 0x00007ffd0a9a8000 	C:\WINDOWS\SYSTEM32\windows.storage.dll
0x00007ffd0f200000 - 0x00007ffd0f2f1000 	C:\WINDOWS\System32\SHCORE.dll
0x00007ffd0d6d0000 - 0x00007ffd0d73a000 	C:\WINDOWS\System32\shlwapi.dll
0x00007ffd0c420000 - 0x00007ffd0c44f000 	C:\WINDOWS\SYSTEM32\profapi.dll
0x00007ffd060a0000 - 0x00007ffd060b7000 	C:\Program Files\Java\jdk-23\bin\zip.dll
0x00007ffd07ef0000 - 0x00007ffd07f00000 	C:\Program Files\Java\jdk-23\bin\net.dll
0x00007ffd0b940000 - 0x00007ffd0b9aa000 	C:\WINDOWS\system32\mswsock.dll
0x00007ffd06450000 - 0x00007ffd06466000 	C:\Program Files\Java\jdk-23\bin\nio.dll
0x00007ffd05250000 - 0x00007ffd05259000 	C:\Program Files\Java\jdk-23\bin\extnet.dll
0x00007ffd0ad20000 - 0x00007ffd0ae47000 	C:\WINDOWS\SYSTEM32\DNSAPI.dll
0x00007ffd0ac90000 - 0x00007ffd0acc3000 	C:\WINDOWS\SYSTEM32\IPHLPAPI.DLL
0x00007ffd0d690000 - 0x00007ffd0d69a000 	C:\WINDOWS\System32\NSI.dll
0x00007ffd012c0000 - 0x00007ffd012cb000 	C:\Windows\System32\rasadhlp.dll
0x00007ffd04030000 - 0x00007ffd040b6000 	C:\WINDOWS\System32\fwpuclnt.dll
0x00007ffd05240000 - 0x00007ffd0524a000 	C:\Program Files\Java\jdk-23\bin\management.dll
0x00007ffd05080000 - 0x00007ffd0508b000 	C:\Program Files\Java\jdk-23\bin\management_ext.dll
0x00007ffd0e090000 - 0x00007ffd0e098000 	C:\WINDOWS\System32\PSAPI.DLL
0x00007ffd0bc20000 - 0x00007ffd0bc3b000 	C:\WINDOWS\SYSTEM32\CRYPTSP.dll
0x00007ffd0b320000 - 0x00007ffd0b35a000 	C:\WINDOWS\system32\rsaenh.dll
0x00007ffd0ba00000 - 0x00007ffd0ba2b000 	C:\WINDOWS\SYSTEM32\USERENV.dll
0x00007ffd0c3f0000 - 0x00007ffd0c416000 	C:\WINDOWS\SYSTEM32\bcrypt.dll
0x00007ffd0bc10000 - 0x00007ffd0bc1c000 	C:\WINDOWS\SYSTEM32\CRYPTBASE.dll
0x00007ffcbaa60000 - 0x00007ffcbaa78000 	C:\WINDOWS\system32\napinsp.dll
0x00007ffcbaa40000 - 0x00007ffcbaa52000 	C:\WINDOWS\System32\winrnr.dll
0x00007ffcbaa00000 - 0x00007ffcbaa30000 	C:\WINDOWS\system32\nlansp_c.dll
0x00007ffcd2540000 - 0x00007ffcd2560000 	C:\WINDOWS\system32\wshbth.dll
0x00007ffcdbfb0000 - 0x00007ffcdbffe000 	C:\WINDOWS\SYSTEM32\pdh.dll
0x00007ffd05030000 - 0x00007ffd05042000 	C:\WINDOWS\System32\perfproc.dll
0x00007ffd07ee0000 - 0x00007ffd07eee000 	C:\Program Files\Java\jdk-23\bin\sunmscapi.dll
0x00007ffd0cb40000 - 0x00007ffd0ccb7000 	C:\WINDOWS\System32\CRYPT32.dll
0x00007ffd0be30000 - 0x00007ffd0be60000 	C:\WINDOWS\SYSTEM32\ncrypt.dll
0x00007ffd0bde0000 - 0x00007ffd0be1f000 	C:\WINDOWS\SYSTEM32\NTASN1.dll
0x00007ffd05070000 - 0x00007ffd05080000 	C:\Program Files\Java\jdk-23\bin\verify.dll
0x00007ffcbb3b0000 - 0x00007ffcbb3b8000 	C:\WINDOWS\system32\wshunix.dll

dbghelp: loaded successfully - version: 4.0.5 - missing functions: none
symbol engine: initialized successfully - sym options: 0x614 - pdb path: .;C:\Program Files\Java\jdk-23\bin;C:\WINDOWS\SYSTEM32;C:\WINDOWS\WinSxS\amd64_microsoft.windows.common-controls_6595b64144ccf1df_6.0.26100.4202_none_3e0698d4e335f517;C:\Program Files\Java\jdk-23\bin\server

VM Arguments:
jvm_args: -XX:TieredStopAtLevel=1 -Dspring.output.ansi.enabled=always -Dcom.sun.management.jmxremote -Dspring.jmx.enabled=true -Dspring.liveBeansView.mbeanDomain -Dspring.application.admin.enabled=true -Dmanagement.endpoints.jmx.exposure.include=* -javaagent:C:\Program Files\JetBrains\IntelliJ IDEA 2025.1.1.1\lib\idea_rt.jar=58827 -Dfile.encoding=UTF-8 -Dsun.stdout.encoding=UTF-8 -Dsun.stderr.encoding=UTF-8 
java_command: org.eyespire.eyespireapi.EyespireApiApplication
java_class_path (initial): E:\project_eyespire\eyespire-back-end\target\classes;C:\Users\User\.m2\repository\org\springframework\boot\spring-boot-starter-data-jpa\3.4.6\spring-boot-starter-data-jpa-3.4.6.jar;C:\Users\User\.m2\repository\org\springframework\boot\spring-boot-starter\3.4.6\spring-boot-starter-3.4.6.jar;C:\Users\User\.m2\repository\org\springframework\boot\spring-boot-starter-logging\3.4.6\spring-boot-starter-logging-3.4.6.jar;C:\Users\User\.m2\repository\ch\qos\logback\logback-classic\1.5.18\logback-classic-1.5.18.jar;C:\Users\User\.m2\repository\ch\qos\logback\logback-core\1.5.18\logback-core-1.5.18.jar;C:\Users\User\.m2\repository\org\apache\logging\log4j\log4j-to-slf4j\2.24.3\log4j-to-slf4j-2.24.3.jar;C:\Users\User\.m2\repository\org\apache\logging\log4j\log4j-api\2.24.3\log4j-api-2.24.3.jar;C:\Users\User\.m2\repository\org\slf4j\jul-to-slf4j\2.0.17\jul-to-slf4j-2.0.17.jar;C:\Users\User\.m2\repository\jakarta\annotation\jakarta.annotation-api\2.1.1\jakarta.annotation-api-2.1.1.jar;C:\Users\User\.m2\repository\org\yaml\snakeyaml\2.3\snakeyaml-2.3.jar;C:\Users\User\.m2\repository\org\springframework\boot\spring-boot-starter-jdbc\3.4.6\spring-boot-starter-jdbc-3.4.6.jar;C:\Users\User\.m2\repository\com\zaxxer\HikariCP\5.1.0\HikariCP-5.1.0.jar;C:\Users\User\.m2\repository\org\springframework\spring-jdbc\6.2.7\spring-jdbc-6.2.7.jar;C:\Users\User\.m2\repository\org\hibernate\orm\hibernate-core\6.6.15.Final\hibernate-core-6.6.15.Final.jar;C:\Users\User\.m2\repository\jakarta\persistence\jakarta.persistence-api\3.1.0\jakarta.persistence-api-3.1.0.jar;C:\Users\User\.m2\repository\jakarta\transaction\jakarta.transaction-api\2.0.1\jakarta.transaction-api-2.0.1.jar;C:\Users\User\.m2\repository\org\jboss\logging\jboss-logging\3.6.1.Final\jboss-logging-3.6.1.Final.jar;C:\Users\User\.m2\repository\org\hibernate\common\hibernate-commons-annotations\7.0.3.Final\hibernate-commons-annotations-7.0.3.Final.jar;C:\Users\User\.m2\repository\io\smallrye\jandex\3.2.0\jandex-3.2.0.jar;C:\Users\User\.m2\repository\com\fasterxml\classmate\1.7.0\classmate-1.7.0.jar;C:\Users\User\.m2\repository\net\bytebuddy\byte-buddy\1.15.11\byte-buddy-1.15.11.jar;C:\Users\User\.m2\repository\org\glassfish\jaxb\jaxb-runtime\4.0.5\jaxb-runtime-4.0.5.jar;C:\Users\User\.m2\repository\org\glassfish\jaxb\jaxb-core\4.0.5\jaxb-core-4.0.5.jar;C:\Users\User\.m2\repository\org\glassfish\jaxb\txw2\4.0.5\txw2-4.0.5.jar;C:\Users\User\.m2\repository\com\sun\istack\istack-commons-runtime\4.1.2\istack-commons-runtime-4.1.2.jar;C:\Users\User\.m2\repository\jakarta\inject\jakarta.inject-api\2.0.1\jakarta.inject-api-2.0.1.jar;C:\Users\User\.m2\repository\org\antlr\antlr4-runtime\4.13.0\antlr4-runtime-4.13.0.jar;C:\Users\User\.m2\repository\org\springframework\data\spring-data-jpa\3.4.6\spring-data-jpa-3.4.6.jar;C:\Users\User\.m2\repository\org\springframework\data\spring-data-commons\3.4.6\spring-data-commons-3.4.6.jar;C:\Users\User\.m2\repository\org\springframework\spring-orm\6.2.7\spring-orm-6.2.7.jar;C:\Users\User\.m2\repository\org\springframework\spring-context\6.2.7\spring-context-6.2.7.jar;C:\Users\User\.m2\repository\org\springframework\spring-tx\6.2.7\spring-tx-6.2.7.jar;C:\Users\User\.m2\repository\org\springframework\spring-beans\6.2.7\spring-beans-6.2.7.jar;C:\Users\User\.m2\repository\org\slf4j\slf4j-api\2.0.17\slf4j-api-2.0.17.jar;C:\Users\User\.m2\repository\org\springframework\spring-aspects\6.2.7\spring-aspects-6.2.7.jar;C:\Users\User\.m2\repository\org\aspectj\aspectjweaver\1.9.24\aspectjweaver-1.9.24.jar;C:\Users\User\.m2\repository\org\springframework\boot\spring-boot-starter-validation\3.4.6\spring-boot-starter-validation-3.4.6.jar;C:\Users\User\.m2\repository\org\apache\tomcat\embed\tomcat-embed-el\10.1.41\tomcat-embed-el-10.1.41.jar;C:\Users\User\.m2\repository\org\hibernate\validator\hibernate-validator\8.0.2.Final\hibernate-validator-8.0.2.Final.jar;C:\Users\User\.m2\repository\jakarta\validation\jakarta.validation-api\3.0.2\jakarta.validation-api-3.0.2.jar;C:\Users\User\.m2\repository\org\springframework\boot\spring-boot-starter-web\3.4.6\spring-boot-starter-web-3.4.6.jar;C:\Users\User\.m2\repository\org\springframework\boot\spring-boot-starter-json\3.4.6\spring-boot-starter-json-3.4.6.jar;C:\Users\User\.m2\repository\com\fasterxml\jackson\datatype\jackson-datatype-jdk8\2.18.4\jackson-datatype-jdk8-2.18.4.jar;C:\Users\User\.m2\repository\com\fasterxml\jackson\datatype\jackson-datatype-jsr310\2.18.4\jackson-datatype-jsr310-2.18.4.jar;C:\Users\User\.m2\repository\com\fasterxml\jackson\module\jackson-module-parameter-names\2.18.4\jackson-module-parameter-names-2.18.4.jar;C:\Users\User\.m2\repository\org\springframework\boot\spring-boot-starter-tomcat\3.4.6\spring-boot-starter-tomcat-3.4.6.jar;C:\Users\User\.m2\repository\org\apache\tomcat\embed\tomcat-embed-core\10.1.41\tomcat-embed-core-10.1.41.jar;C:\Users\User\.m2\repository\org\apache\tomcat\embed\tomcat-embed-websocket\10.1.41\tomcat-embed-websocket-10.1.41.jar;C:\Users\User\.m2\repository\org\springframework\spring-web\6.2.7\spring-web-6.2.7.jar;C:\Users\User\.m2\repository\io\micrometer\micrometer-observation\1.14.7\micrometer-observation-1.14.7.jar;C:\Users\User\.m2\repository\io\micrometer\micrometer-commons\1.14.7\micrometer-commons-1.14.7.jar;C:\Users\User\.m2\repository\org\springframework\spring-webmvc\6.2.7\spring-webmvc-6.2.7.jar;C:\Users\User\.m2\repository\org\springframework\spring-expression\6.2.7\spring-expression-6.2.7.jar;C:\Users\User\.m2\repository\org\springframework\boot\spring-boot-devtools\3.4.6\spring-boot-devtools-3.4.6.jar;C:\Users\User\.m2\repository\org\springframework\boot\spring-boot\3.4.6\spring-boot-3.4.6.jar;C:\Users\User\.m2\repository\org\springframework\boot\spring-boot-autoconfigure\3.4.6\spring-boot-autoconfigure-3.4.6.jar;C:\Users\User\.m2\repository\com\microsoft\sqlserver\mssql-jdbc\12.8.1.jre11\mssql-jdbc-12.8.1.jre11.jar;C:\Users\User\.m2\repository\org\projectlombok\lombok\1.18.38\lombok-1.18.38.jar;C:\Users\User\.m2\repository\jakarta\xml\bind\jakarta.xml.bind-api\4.0.2\jakarta.xml.bind-api-4.0.2.jar;C:\Users\User\.m2\repository\jakarta\activation\jakarta.activation-api\2.1.3\jakarta.activation-api-2.1.3.jar;C:\Users\User\.m2\repository\org\springframework\spring-core\6.2.7\spring-core-6.2.7.jar;C:\Users\User\.m2\repository\org\springframework\spring-jcl\6.2.7\spring-jcl-6.2.7.jar;C:\Users\User\.m2\repository\org\springframework\boot\spring-boot-starter-mail\3.4.6\spring-boot-starter-mail-3.4.6.jar;C:\Users\User\.m2\repository\org\springframework\spring-context-support\6.2.7\spring-context-support-6.2.7.jar;C:\Users\User\.m2\repository\org\eclipse\angus\jakarta.mail\2.0.3\jakarta.mail-2.0.3.jar;C:\Users\User\.m2\repository\org\eclipse\angus\angus-activation\2.0.2\angus-activation-2.0.2.jar;C:\Users\User\.m2\repository\org\springframework\boot\spring-boot-starter-security\3.4.6\spring-boot-starter-security-3.4.6.jar;C:\Users\User\.m2\repository\org\springframework\spring-aop\6.2.7\spring-aop-6.2.7.jar;C:\Users\User\.m2\repository\org\springframework\security\spring-security-config\6.4.6\spring-security-config-6.4.6.jar;C:\Users\User\.m2\repository\org\springframework\security\spring-security-core\6.4.6\spring-security-core-6.4.6.jar;C:\Users\User\.m2\repository\org\springframework\security\spring-security-crypto\6.4.6\spring-security-crypto-6.4.6.jar;C:\Users\User\.m2\repository\org\springframework\security\spring-security-web\6.4.6\spring-security-web-6.4.6.jar;C:\Users\User\.m2\repository\io\jsonwebtoken\jjwt-api\0.11.5\jjwt-api-0.11.5.jar;C:\Users\User\.m2\repository\io\jsonwebtoken\jjwt-impl\0.11.5\jjwt-impl-0.11.5.jar;C:\Users\User\.m2\repository\io\jsonwebtoken\jjwt-jackson\0.11.5\jjwt-jackson-0.11.5.jar;C:\Users\User\.m2\repository\com\fasterxml\jackson\core\jackson-databind\2.18.4\jackson-databind-2.18.4.jar;C:\Users\User\.m2\repository\com\fasterxml\jackson\core\jackson-annotations\2.18.4\jackson-annotations-2.18.4.jar;C:\Users\User\.m2\repository\com\fasterxml\jackson\core\jackson-core\2.18.4\jackson-core-2.18.4.jar;C:\Users\User\.m2\repository\com\google\code\gson\gson\2.10.1\gson-2.10.1.jar
Launcher Type: SUN_STANDARD

[Global flags]
     intx CICompilerCount                          = 4                                         {product} {ergonomic}
     uint ConcGCThreads                            = 3                                         {product} {ergonomic}
     uint G1ConcRefinementThreads                  = 10                                        {product} {ergonomic}
   size_t G1HeapRegionSize                         = 1048576                                   {product} {ergonomic}
   size_t InitialHeapSize                          = 132120576                                 {product} {ergonomic}
     bool ManagementServer                         = true                                      {product} {command line}
   size_t MarkStackSize                            = 4194304                                   {product} {ergonomic}
   size_t MarkStackSizeMax                         = 536870912                                 {product} {ergonomic}
   size_t MaxHeapSize                              = 2086666240                                {product} {ergonomic}
   size_t MaxNewSize                               = 1251999744                                {product} {ergonomic}
   size_t MinHeapDeltaBytes                        = 1048576                                   {product} {ergonomic}
   size_t MinHeapSize                              = 8388608                                   {product} {ergonomic}
    uintx NonNMethodCodeHeapSize                   = 4096                                   {pd product} {ergonomic}
    uintx NonProfiledCodeHeapSize                  = 0                                      {pd product} {ergonomic}
     bool ProfileInterpreter                       = false                                  {pd product} {command line}
    uintx ProfiledCodeHeapSize                     = 0                                      {pd product} {ergonomic}
   size_t SoftMaxHeapSize                          = 2086666240                             {manageable} {ergonomic}
     intx TieredStopAtLevel                        = 1                                         {product} {command line}
     bool UseCompressedOops                        = true                           {product lp64_product} {ergonomic}
     bool UseG1GC                                  = true                                      {product} {ergonomic}
     bool UseLargePagesIndividualAllocation        = false                                  {pd product} {ergonomic}

Logging:
Log output configuration:
 #0: stdout all=warning uptime,level,tags foldmultilines=false
 #1: stderr all=off uptime,level,tags foldmultilines=false

Environment Variables:
JAVA_HOME=C:\Program Files\Java\jdk-21
PATH=C:\Program Files\Common Files\Oracle\Java\javapath;C:\Program Files\Microsoft MPI\Bin\;C:\WINDOWS\system32;C:\WINDOWS;C:\WINDOWS\System32\Wbem;C:\WINDOWS\System32\WindowsPowerShell\v1.0\;C:\WINDOWS\System32\OpenSSH\;C:\Program Files (x86)\NVIDIA Corporation\PhysX\Common;C:\Program Files\NVIDIA Corporation\NVIDIA NvDLISR;C:\Program Files (x86)\Microsoft SQL Server\160\Tools\Binn\;C:\Program Files\Microsoft SQL Server\160\Tools\Binn\;C:\Program Files\Microsoft SQL Server\Client SDK\ODBC\170\Tools\Binn\;C:\Program Files\Microsoft SQL Server\160\DTS\Binn\;C:\Program Files (x86)\Microsoft SQL Server\160\DTS\Binn\;C:\Program Files\Git\cmd;C:\Program Files\Java\jdk-21\bin;C:\Program Files\Java\apache-maven-3.9.9\bin;C:\Program Files\nodejs\;C:\Program Files\Docker\Docker\resources\bin;C:\Users\User\AppData\Local\Microsoft\WindowsApps;C:\Users\User\AppData\Local\Programs\Microsoft VS Code\bin;;C:\Program Files\JetBrains\IntelliJ IDEA 2025.1.1.1\bin;;C:\Users\User\AppData\Roaming\npm;C:\Users\User\AppData\Local\Programs\Windsurf\bin
USERNAME=User
OS=Windows_NT
PROCESSOR_IDENTIFIER=Intel64 Family 6 Model 141 Stepping 1, GenuineIntel
TMP=C:\Users\User\AppData\Local\Temp
TEMP=C:\Users\User\AppData\Local\Temp




Periodic native trim disabled

---------------  S Y S T E M  ---------------

OS:
 Windows 11 , 64 bit Build 26100 (10.0.26100.4202)
OS uptime: 0 days 10:34 hours
Hyper-V role detected

CPU: total 12 (initial active 12) (6 cores per cpu, 2 threads per core) family 6 model 141 stepping 1 microcode 0x3c, cx8, cmov, fxsr, ht, mmx, 3dnowpref, sse, sse2, sse3, ssse3, sse4.1, sse4.2, popcnt, lzcnt, tsc, tscinvbit, avx, avx2, aes, erms, clmul, bmi1, bmi2, adx, avx512f, avx512dq, avx512cd, avx512bw, avx512vl, sha, fma, vzeroupper, avx512_vpopcntdq, avx512_vpclmulqdq, avx512_vaes, avx512_vnni, clflush, clflushopt, clwb, avx512_vbmi2, avx512_vbmi, hv, rdtscp, rdpid, fsrm, gfni, avx512_bitalg, f16c, cet_ibt, cet_ss, avx512_ifma
Processor Information for the first 12 processors :
  Max Mhz: 2688, Current Mhz: 2688, Mhz Limit: 2688

Memory: 4k page, system-wide physical 7955M (1141M free)
TotalPageFile size 27165M (AvailPageFile size 5M)
current process WorkingSet (physical memory assigned to process): 77M, peak: 277M
current process commit charge ("private bytes"): 325M, peak: 329M

vm_info: Java HotSpot(TM) 64-Bit Server VM (23.0.2+7-58) for windows-amd64 JRE (23.0.2+7-58), built on 2024-11-29T09:34:55Z with MS VC++ 17.6 (VS2022)

END.
